<?xml version="1.0" encoding="UTF-8"?>
<testng-results skipped="1" failed="1" total="4" passed="2">
  <reporter-output>
  </reporter-output>
  <suite name="Default suite" duration-ms="134539" started-at="2019-02-22T06:09:27Z" finished-at="2019-02-22T06:11:42Z">
    <groups>
    </groups>
    <test name="Default test" duration-ms="134539" started-at="2019-02-22T06:09:27Z" finished-at="2019-02-22T06:11:42Z">
      <class name="com.shoppingPortal.TestcaseProduct">
        <test-method status="PASS" signature="setup()[pri:0, instance:com.shoppingPortal.TestcaseProduct@146ba0ac]" name="setup" is-config="true" duration-ms="26789" started-at="2019-02-22T11:39:27Z" finished-at="2019-02-22T11:39:54Z">
          <reporter-output>
          </reporter-output>
        </test-method> <!-- setup -->
        <test-method status="PASS" signature="searchitem()[pri:1, instance:com.shoppingPortal.TestcaseProduct@146ba0ac]" name="searchitem" duration-ms="196" started-at="2019-02-22T11:39:54Z" finished-at="2019-02-22T11:39:54Z">
          <reporter-output>
          </reporter-output>
        </test-method> <!-- searchitem -->
        <test-method status="PASS" signature="tearDown()[pri:0, instance:com.shoppingPortal.TestcaseProduct@146ba0ac]" name="tearDown" is-config="true" duration-ms="785" started-at="2019-02-22T11:39:54Z" finished-at="2019-02-22T11:39:55Z">
          <reporter-output>
          </reporter-output>
        </test-method> <!-- tearDown -->
        <test-method status="PASS" signature="setup()[pri:0, instance:com.shoppingPortal.TestcaseProduct@146ba0ac]" name="setup" is-config="true" duration-ms="39888" started-at="2019-02-22T11:39:55Z" finished-at="2019-02-22T11:40:35Z">
          <reporter-output>
          </reporter-output>
        </test-method> <!-- setup -->
        <test-method status="PASS" signature="getitem()[pri:2, instance:com.shoppingPortal.TestcaseProduct@146ba0ac]" name="getitem" duration-ms="106" started-at="2019-02-22T11:40:35Z" depends-on-methods="com.shoppingPortal.TestcaseProduct.searchitem" finished-at="2019-02-22T11:40:35Z">
          <reporter-output>
          </reporter-output>
        </test-method> <!-- getitem -->
        <test-method status="PASS" signature="tearDown()[pri:0, instance:com.shoppingPortal.TestcaseProduct@146ba0ac]" name="tearDown" is-config="true" duration-ms="711" started-at="2019-02-22T11:40:35Z" finished-at="2019-02-22T11:40:36Z">
          <reporter-output>
          </reporter-output>
        </test-method> <!-- tearDown -->
        <test-method status="PASS" signature="setup()[pri:0, instance:com.shoppingPortal.TestcaseProduct@146ba0ac]" name="setup" is-config="true" duration-ms="18066" started-at="2019-02-22T11:40:36Z" finished-at="2019-02-22T11:40:54Z">
          <reporter-output>
          </reporter-output>
        </test-method> <!-- setup -->
        <test-method status="FAIL" signature="launchitem()[pri:3, instance:com.shoppingPortal.TestcaseProduct@146ba0ac]" name="launchitem" duration-ms="47369" started-at="2019-02-22T11:40:54Z" depends-on-methods="com.shoppingPortal.TestcaseProduct.getitem" finished-at="2019-02-22T11:41:41Z">
          <exception class="org.openqa.selenium.NoSuchElementException">
            <message>
              <![CDATA[Cannot locate an element using link text=Refined Sugar
For documentation on this error, please visit: https://www.seleniumhq.org/exceptions/no_such_element.html
Build info: version: '3.141.59', revision: 'e82be7d358', time: '2018-11-14T08:17:03'
System info: host: 'DELL-PC', ip: '192.168.0.103', os.name: 'Windows 7', os.arch: 'amd64', os.version: '6.1', java.version: '1.8.0_191'
Driver info: driver.version: RemoteWebDriver]]>
            </message>
            <full-stacktrace>
              <![CDATA[org.openqa.selenium.NoSuchElementException: Cannot locate an element using link text=Refined Sugar
For documentation on this error, please visit: https://www.seleniumhq.org/exceptions/no_such_element.html
Build info: version: '3.141.59', revision: 'e82be7d358', time: '2018-11-14T08:17:03'
System info: host: 'DELL-PC', ip: '192.168.0.103', os.name: 'Windows 7', os.arch: 'amd64', os.version: '6.1', java.version: '1.8.0_191'
Driver info: driver.version: RemoteWebDriver
	at org.openqa.selenium.remote.RemoteWebDriver.findElement(RemoteWebDriver.java:327)
	at org.openqa.selenium.remote.RemoteWebDriver.findElementByLinkText(RemoteWebDriver.java:380)
	at org.openqa.selenium.By$ByLinkText.findElement(By.java:220)
	at org.openqa.selenium.remote.RemoteWebDriver.findElement(RemoteWebDriver.java:315)
	at com.shoppingPortal.TestcaseProduct.launchitem(TestcaseProduct.java:43)
	at sun.reflect.NativeMethodAccessorImpl.invoke0(Native Method)
	at sun.reflect.NativeMethodAccessorImpl.invoke(Unknown Source)
	at sun.reflect.DelegatingMethodAccessorImpl.invoke(Unknown Source)
	at java.lang.reflect.Method.invoke(Unknown Source)
	at org.testng.internal.MethodInvocationHelper.invokeMethod(MethodInvocationHelper.java:85)
	at org.testng.internal.Invoker.invokeMethod(Invoker.java:639)
	at org.testng.internal.Invoker.invokeTestMethod(Invoker.java:816)
	at org.testng.internal.Invoker.invokeTestMethods(Invoker.java:1124)
	at org.testng.internal.TestMethodWorker.invokeTestMethods(TestMethodWorker.java:125)
	at org.testng.internal.TestMethodWorker.run(TestMethodWorker.java:108)
	at org.testng.TestRunner.privateRun(TestRunner.java:774)
	at org.testng.TestRunner.run(TestRunner.java:624)
	at org.testng.SuiteRunner.runTest(SuiteRunner.java:359)
	at org.testng.SuiteRunner.runSequentially(SuiteRunner.java:354)
	at org.testng.SuiteRunner.privateRun(SuiteRunner.java:312)
	at org.testng.SuiteRunner.run(SuiteRunner.java:261)
	at org.testng.SuiteRunnerWorker.runSuite(SuiteRunnerWorker.java:52)
	at org.testng.SuiteRunnerWorker.run(SuiteRunnerWorker.java:86)
	at org.testng.TestNG.runSuitesSequentially(TestNG.java:1215)
	at org.testng.TestNG.runSuitesLocally(TestNG.java:1140)
	at org.testng.TestNG.run(TestNG.java:1048)
	at org.testng.remote.AbstractRemoteTestNG.run(AbstractRemoteTestNG.java:114)
	at org.testng.remote.RemoteTestNG.initAndRun(RemoteTestNG.java:251)
	at org.testng.remote.RemoteTestNG.main(RemoteTestNG.java:77)
]]>
            </full-stacktrace>
          </exception> <!-- org.openqa.selenium.NoSuchElementException -->
          <reporter-output>
          </reporter-output>
        </test-method> <!-- launchitem -->
        <test-method status="PASS" signature="tearDown()[pri:0, instance:com.shoppingPortal.TestcaseProduct@146ba0ac]" name="tearDown" is-config="true" duration-ms="590" started-at="2019-02-22T11:41:41Z" finished-at="2019-02-22T11:41:42Z">
          <reporter-output>
          </reporter-output>
        </test-method> <!-- tearDown -->
        <test-method status="SKIP" signature="addbasket()[pri:4, instance:com.shoppingPortal.TestcaseProduct@146ba0ac]" name="addbasket" duration-ms="0" started-at="2019-02-22T11:41:42Z" depends-on-methods="com.shoppingPortal.TestcaseProduct.launchitem" finished-at="2019-02-22T11:41:42Z">
          <exception class="java.lang.Throwable">
            <message>
              <![CDATA[Method TestcaseProduct.addbasket()[pri:4, instance:com.shoppingPortal.TestcaseProduct@146ba0ac] depends on not successfully finished methods]]>
            </message>
            <full-stacktrace>
              <![CDATA[java.lang.Throwable: Method TestcaseProduct.addbasket()[pri:4, instance:com.shoppingPortal.TestcaseProduct@146ba0ac] depends on not successfully finished methods
	at org.testng.internal.Invoker.invokeTestMethods(Invoker.java:1033)
	at org.testng.internal.TestMethodWorker.invokeTestMethods(TestMethodWorker.java:125)
	at org.testng.internal.TestMethodWorker.run(TestMethodWorker.java:108)
	at org.testng.TestRunner.privateRun(TestRunner.java:774)
	at org.testng.TestRunner.run(TestRunner.java:624)
	at org.testng.SuiteRunner.runTest(SuiteRunner.java:359)
	at org.testng.SuiteRunner.runSequentially(SuiteRunner.java:354)
	at org.testng.SuiteRunner.privateRun(SuiteRunner.java:312)
	at org.testng.SuiteRunner.run(SuiteRunner.java:261)
	at org.testng.SuiteRunnerWorker.runSuite(SuiteRunnerWorker.java:52)
	at org.testng.SuiteRunnerWorker.run(SuiteRunnerWorker.java:86)
	at org.testng.TestNG.runSuitesSequentially(TestNG.java:1215)
	at org.testng.TestNG.runSuitesLocally(TestNG.java:1140)
	at org.testng.TestNG.run(TestNG.java:1048)
	at org.testng.remote.AbstractRemoteTestNG.run(AbstractRemoteTestNG.java:114)
	at org.testng.remote.RemoteTestNG.initAndRun(RemoteTestNG.java:251)
	at org.testng.remote.RemoteTestNG.main(RemoteTestNG.java:77)
]]>
            </full-stacktrace>
          </exception> <!-- java.lang.Throwable -->
          <reporter-output>
          </reporter-output>
        </test-method> <!-- addbasket -->
      </class> <!-- com.shoppingPortal.TestcaseProduct -->
    </test> <!-- Default test -->
  </suite> <!-- Default suite -->
</testng-results>
